<?xml version="1.0" encoding="UTF-8"?>
<!-- Generated by org.testng.reporters.JUnitXMLReporter -->
<testsuite hostname="DESKTOP-2STHK7V" ignored="0" name="Default test" tests="5" failures="0" timestamp="2019-12-06T23:02:29 PST" time="46.318" errors="0">
  <testcase name="NoPassword_Error_Message" time="1.284" classname="SFDCMaven.SFDCMaven.SFDC_Login"/>
  <testcase name="Login_Home_Page" time="4.772" classname="SFDCMaven.SFDCMaven.SFDC_Login"/>
  <testcase name="Remember_Me_Checkbox" time="6.263" classname="SFDCMaven.SFDCMaven.SFDC_Login"/>
  <testcase name="Forgot_Password" time="0.732" classname="SFDCMaven.SFDCMaven.SFDC_Login"/>
  <testcase name="Login_Error_Message" time="0.751" classname="SFDCMaven.SFDCMaven.SFDC_Login"/>
</testsuite> <!-- Default test -->
